<?xml version="1.0" encoding="UTF-8"?>
<!-- Generated by org.testng.reporters.JUnitReportReporter -->
<testsuite hostname="LENOVO" failures="0" tests="1" name="mpack.Projectno1" time="36.280" errors="0" timestamp="2023-06-30T23:18:29 IST" skipped="0">
  <testcase classname="mpack.Projectno1" name="amazonsample" time="36.280"/>
</testsuite> <!-- mpack.Projectno1 -->
